<?xml version="1.0" encoding="UTF-8"?>
<testsuite name="com.threenary.queue.QueueShould" tests="6" skipped="0" failures="0" errors="0" timestamp="2019-12-23T09:17:23" hostname="Gonzalos-MBP" time="0.043">
  <properties/>
  <testcase name="show_null_when_has_no_elements()" classname="com.threenary.queue.QueueShould" time="0.036"/>
  <testcase name="add_element_to_its_head_when_empty()" classname="com.threenary.queue.QueueShould" time="0.001"/>
  <testcase name="show_head_element_data()" classname="com.threenary.queue.QueueShould" time="0.0"/>
  <testcase name="add_element_to_tail_when_not_empty()" classname="com.threenary.queue.QueueShould" time="0.0"/>
  <testcase name="remove_the_oldest_element_and_update_head()" classname="com.threenary.queue.QueueShould" time="0.001"/>
  <testcase name="return_elements_in_fifo_order()" classname="com.threenary.queue.QueueShould" time="0.001"/>
  <system-out><![CDATA[]]></system-out>
  <system-err><![CDATA[]]></system-err>
</testsuite>
